<?xml version="1.0" encoding="UTF-8"?>
<testsuite xmlns:xsi="http://www.w3.org/2001/XMLSchema-instance" xsi:noNamespaceSchemaLocation="https://maven.apache.org/surefire/maven-surefire-plugin/xsd/surefire-test-report-3.0.xsd" version="3.0" name="com.udacity.catpoint.security.service.SecurityServiceTest" time="0.956" tests="18" errors="0" skipped="0" failures="0">
  <properties>
    <property name="java.specification.version" value="17"/>
    <property name="sun.jnu.encoding" value="UTF-8"/>
    <property name="java.class.path" value="/Users/tupromax/Programming/Udacity/Java/UdaSecurity/starter/catpoint-parent/security/target/test-classes:/Users/tupromax/.m2/repository/org/junit/jupiter/junit-jupiter-api/5.10.2/junit-jupiter-api-5.10.2.jar:/Users/tupromax/.m2/repository/org/opentest4j/opentest4j/1.3.0/opentest4j-1.3.0.jar:/Users/tupromax/.m2/repository/org/junit/platform/junit-platform-commons/1.10.2/junit-platform-commons-1.10.2.jar:/Users/tupromax/.m2/repository/org/apiguardian/apiguardian-api/1.1.2/apiguardian-api-1.1.2.jar:/Users/tupromax/.m2/repository/org/junit/jupiter/junit-jupiter-engine/5.10.2/junit-jupiter-engine-5.10.2.jar:/Users/tupromax/.m2/repository/org/junit/platform/junit-platform-engine/1.10.2/junit-platform-engine-1.10.2.jar:/Users/tupromax/.m2/repository/org/junit/jupiter/junit-jupiter-params/5.7.0/junit-jupiter-params-5.7.0.jar:/Users/tupromax/.m2/repository/org/mockito/mockito-junit-jupiter/4.5.1/mockito-junit-jupiter-4.5.1.jar:/Users/tupromax/.m2/repository/org/mockito/mockito-core/4.5.1/mockito-core-4.5.1.jar:/Users/tupromax/.m2/repository/net/bytebuddy/byte-buddy/1.12.9/byte-buddy-1.12.9.jar:/Users/tupromax/.m2/repository/net/bytebuddy/byte-buddy-agent/1.12.9/byte-buddy-agent-1.12.9.jar:/Users/tupromax/.m2/repository/org/objenesis/objenesis/3.2/objenesis-3.2.jar:/Users/tupromax/.m2/repository/com/google/guava/failureaccess/1.0.2/failureaccess-1.0.2.jar:/Users/tupromax/.m2/repository/com/google/guava/listenablefuture/9999.0-empty-to-avoid-conflict-with-guava/listenablefuture-9999.0-empty-to-avoid-conflict-with-guava.jar:/Users/tupromax/.m2/repository/com/google/code/findbugs/jsr305/3.0.2/jsr305-3.0.2.jar:/Users/tupromax/.m2/repository/org/checkerframework/checker-qual/3.41.0/checker-qual-3.41.0.jar:/Users/tupromax/.m2/repository/com/google/errorprone/error_prone_annotations/2.23.0/error_prone_annotations-2.23.0.jar:/Users/tupromax/.m2/repository/com/google/j2objc/j2objc-annotations/2.8/j2objc-annotations-2.8.jar:/Users/tupromax/.m2/repository/software/amazon/awssdk/annotations/2.25.24/annotations-2.25.24.jar:/Users/tupromax/.m2/repository/software/amazon/awssdk/utils/2.25.24/utils-2.25.24.jar:/Users/tupromax/.m2/repository/org/reactivestreams/reactive-streams/1.0.4/reactive-streams-1.0.4.jar:/Users/tupromax/.m2/repository/software/amazon/awssdk/checksums-spi/2.25.24/checksums-spi-2.25.24.jar:/Users/tupromax/.m2/repository/software/amazon/awssdk/checksums/2.25.24/checksums-2.25.24.jar:/Users/tupromax/.m2/repository/software/amazon/awssdk/identity-spi/2.25.24/identity-spi-2.25.24.jar:/Users/tupromax/.m2/repository/software/amazon/awssdk/profiles/2.25.24/profiles-2.25.24.jar:/Users/tupromax/.m2/repository/software/amazon/awssdk/http-client-spi/2.25.24/http-client-spi-2.25.24.jar:/Users/tupromax/.m2/repository/software/amazon/awssdk/json-utils/2.25.24/json-utils-2.25.24.jar:/Users/tupromax/.m2/repository/software/amazon/awssdk/third-party-jackson-core/2.25.24/third-party-jackson-core-2.25.24.jar:/Users/tupromax/.m2/repository/software/amazon/awssdk/http-auth-aws/2.25.24/http-auth-aws-2.25.24.jar:/Users/tupromax/.m2/repository/software/amazon/awssdk/http-auth/2.25.24/http-auth-2.25.24.jar:/Users/tupromax/.m2/repository/software/amazon/awssdk/http-auth-spi/2.25.24/http-auth-spi-2.25.24.jar:/Users/tupromax/.m2/repository/software/amazon/eventstream/eventstream/1.0.1/eventstream-1.0.1.jar:/Users/tupromax/.m2/repository/software/amazon/awssdk/aws-json-protocol/2.25.24/aws-json-protocol-2.25.24.jar:/Users/tupromax/.m2/repository/software/amazon/awssdk/protocol-core/2.25.24/protocol-core-2.25.24.jar:/Users/tupromax/.m2/repository/software/amazon/awssdk/aws-core/2.25.24/aws-core-2.25.24.jar:/Users/tupromax/.m2/repository/software/amazon/awssdk/metrics-spi/2.25.24/metrics-spi-2.25.24.jar:/Users/tupromax/.m2/repository/software/amazon/awssdk/endpoints-spi/2.25.24/endpoints-spi-2.25.24.jar:/Users/tupromax/.m2/repository/software/amazon/awssdk/apache-client/2.25.24/apache-client-2.25.24.jar:/Users/tupromax/.m2/repository/org/apache/httpcomponents/httpclient/4.5.13/httpclient-4.5.13.jar:/Users/tupromax/.m2/repository/commons-logging/commons-logging/1.2/commons-logging-1.2.jar:/Users/tupromax/.m2/repository/org/apache/httpcomponents/httpcore/4.4.13/httpcore-4.4.13.jar:/Users/tupromax/.m2/repository/commons-codec/commons-codec/1.15/commons-codec-1.15.jar:/Users/tupromax/.m2/repository/software/amazon/awssdk/netty-nio-client/2.25.24/netty-nio-client-2.25.24.jar:/Users/tupromax/.m2/repository/io/netty/netty-codec-http/4.1.108.Final/netty-codec-http-4.1.108.Final.jar:/Users/tupromax/.m2/repository/io/netty/netty-codec-http2/4.1.108.Final/netty-codec-http2-4.1.108.Final.jar:/Users/tupromax/.m2/repository/io/netty/netty-codec/4.1.108.Final/netty-codec-4.1.108.Final.jar:/Users/tupromax/.m2/repository/io/netty/netty-transport/4.1.108.Final/netty-transport-4.1.108.Final.jar:/Users/tupromax/.m2/repository/io/netty/netty-common/4.1.108.Final/netty-common-4.1.108.Final.jar:/Users/tupromax/.m2/repository/io/netty/netty-buffer/4.1.108.Final/netty-buffer-4.1.108.Final.jar:/Users/tupromax/.m2/repository/io/netty/netty-handler/4.1.108.Final/netty-handler-4.1.108.Final.jar:/Users/tupromax/.m2/repository/io/netty/netty-transport-native-unix-common/4.1.108.Final/netty-transport-native-unix-common-4.1.108.Final.jar:/Users/tupromax/.m2/repository/io/netty/netty-transport-classes-epoll/4.1.108.Final/netty-transport-classes-epoll-4.1.108.Final.jar:/Users/tupromax/.m2/repository/io/netty/netty-resolver/4.1.108.Final/netty-resolver-4.1.108.Final.jar:"/>
    <property name="java.vm.vendor" value="Amazon.com Inc."/>
    <property name="sun.arch.data.model" value="64"/>
    <property name="sun.font.fontmanager" value="sun.font.CFontManager"/>
    <property name="java.vendor.url" value="https://aws.amazon.com/corretto/"/>
    <property name="os.name" value="Mac OS X"/>
    <property name="java.vm.specification.version" value="17"/>
    <property name="sun.java.launcher" value="SUN_STANDARD"/>
    <property name="user.country" value="VN"/>
    <property name="sun.boot.library.path" value="/Users/tupromax/Library/Java/JavaVirtualMachines/corretto-17.0.10/Contents/Home/lib"/>
    <property name="sun.java.command" value="org.apache.maven.surefire.booter.ForkedBooter /Users/tupromax/Programming/Udacity/Java/UdaSecurity/starter/catpoint-parent/security/target/surefire 2024-04-08T10-27-32_601-jvmRun1 surefire15177010264016162576tmp surefire_014892492822856078965tmp"/>
    <property name="http.nonProxyHosts" value="local|*.local|169.254/16|*.169.254/16"/>
    <property name="jdk.debug" value="release"/>
    <property name="surefire.test.class.path" value="/Users/tupromax/Programming/Udacity/Java/UdaSecurity/starter/catpoint-parent/security/target/test-classes:/Users/tupromax/.m2/repository/org/junit/jupiter/junit-jupiter-api/5.10.2/junit-jupiter-api-5.10.2.jar:/Users/tupromax/.m2/repository/org/opentest4j/opentest4j/1.3.0/opentest4j-1.3.0.jar:/Users/tupromax/.m2/repository/org/junit/platform/junit-platform-commons/1.10.2/junit-platform-commons-1.10.2.jar:/Users/tupromax/.m2/repository/org/apiguardian/apiguardian-api/1.1.2/apiguardian-api-1.1.2.jar:/Users/tupromax/.m2/repository/org/junit/jupiter/junit-jupiter-engine/5.10.2/junit-jupiter-engine-5.10.2.jar:/Users/tupromax/.m2/repository/org/junit/platform/junit-platform-engine/1.10.2/junit-platform-engine-1.10.2.jar:/Users/tupromax/.m2/repository/org/junit/jupiter/junit-jupiter-params/5.7.0/junit-jupiter-params-5.7.0.jar:/Users/tupromax/.m2/repository/org/mockito/mockito-junit-jupiter/4.5.1/mockito-junit-jupiter-4.5.1.jar:/Users/tupromax/.m2/repository/org/mockito/mockito-core/4.5.1/mockito-core-4.5.1.jar:/Users/tupromax/.m2/repository/net/bytebuddy/byte-buddy/1.12.9/byte-buddy-1.12.9.jar:/Users/tupromax/.m2/repository/net/bytebuddy/byte-buddy-agent/1.12.9/byte-buddy-agent-1.12.9.jar:/Users/tupromax/.m2/repository/org/objenesis/objenesis/3.2/objenesis-3.2.jar:/Users/tupromax/.m2/repository/com/google/guava/failureaccess/1.0.2/failureaccess-1.0.2.jar:/Users/tupromax/.m2/repository/com/google/guava/listenablefuture/9999.0-empty-to-avoid-conflict-with-guava/listenablefuture-9999.0-empty-to-avoid-conflict-with-guava.jar:/Users/tupromax/.m2/repository/com/google/code/findbugs/jsr305/3.0.2/jsr305-3.0.2.jar:/Users/tupromax/.m2/repository/org/checkerframework/checker-qual/3.41.0/checker-qual-3.41.0.jar:/Users/tupromax/.m2/repository/com/google/errorprone/error_prone_annotations/2.23.0/error_prone_annotations-2.23.0.jar:/Users/tupromax/.m2/repository/com/google/j2objc/j2objc-annotations/2.8/j2objc-annotations-2.8.jar:/Users/tupromax/.m2/repository/software/amazon/awssdk/annotations/2.25.24/annotations-2.25.24.jar:/Users/tupromax/.m2/repository/software/amazon/awssdk/utils/2.25.24/utils-2.25.24.jar:/Users/tupromax/.m2/repository/org/reactivestreams/reactive-streams/1.0.4/reactive-streams-1.0.4.jar:/Users/tupromax/.m2/repository/software/amazon/awssdk/checksums-spi/2.25.24/checksums-spi-2.25.24.jar:/Users/tupromax/.m2/repository/software/amazon/awssdk/checksums/2.25.24/checksums-2.25.24.jar:/Users/tupromax/.m2/repository/software/amazon/awssdk/identity-spi/2.25.24/identity-spi-2.25.24.jar:/Users/tupromax/.m2/repository/software/amazon/awssdk/profiles/2.25.24/profiles-2.25.24.jar:/Users/tupromax/.m2/repository/software/amazon/awssdk/http-client-spi/2.25.24/http-client-spi-2.25.24.jar:/Users/tupromax/.m2/repository/software/amazon/awssdk/json-utils/2.25.24/json-utils-2.25.24.jar:/Users/tupromax/.m2/repository/software/amazon/awssdk/third-party-jackson-core/2.25.24/third-party-jackson-core-2.25.24.jar:/Users/tupromax/.m2/repository/software/amazon/awssdk/http-auth-aws/2.25.24/http-auth-aws-2.25.24.jar:/Users/tupromax/.m2/repository/software/amazon/awssdk/http-auth/2.25.24/http-auth-2.25.24.jar:/Users/tupromax/.m2/repository/software/amazon/awssdk/http-auth-spi/2.25.24/http-auth-spi-2.25.24.jar:/Users/tupromax/.m2/repository/software/amazon/eventstream/eventstream/1.0.1/eventstream-1.0.1.jar:/Users/tupromax/.m2/repository/software/amazon/awssdk/aws-json-protocol/2.25.24/aws-json-protocol-2.25.24.jar:/Users/tupromax/.m2/repository/software/amazon/awssdk/protocol-core/2.25.24/protocol-core-2.25.24.jar:/Users/tupromax/.m2/repository/software/amazon/awssdk/aws-core/2.25.24/aws-core-2.25.24.jar:/Users/tupromax/.m2/repository/software/amazon/awssdk/metrics-spi/2.25.24/metrics-spi-2.25.24.jar:/Users/tupromax/.m2/repository/software/amazon/awssdk/endpoints-spi/2.25.24/endpoints-spi-2.25.24.jar:/Users/tupromax/.m2/repository/software/amazon/awssdk/apache-client/2.25.24/apache-client-2.25.24.jar:/Users/tupromax/.m2/repository/org/apache/httpcomponents/httpclient/4.5.13/httpclient-4.5.13.jar:/Users/tupromax/.m2/repository/commons-logging/commons-logging/1.2/commons-logging-1.2.jar:/Users/tupromax/.m2/repository/org/apache/httpcomponents/httpcore/4.4.13/httpcore-4.4.13.jar:/Users/tupromax/.m2/repository/commons-codec/commons-codec/1.15/commons-codec-1.15.jar:/Users/tupromax/.m2/repository/software/amazon/awssdk/netty-nio-client/2.25.24/netty-nio-client-2.25.24.jar:/Users/tupromax/.m2/repository/io/netty/netty-codec-http/4.1.108.Final/netty-codec-http-4.1.108.Final.jar:/Users/tupromax/.m2/repository/io/netty/netty-codec-http2/4.1.108.Final/netty-codec-http2-4.1.108.Final.jar:/Users/tupromax/.m2/repository/io/netty/netty-codec/4.1.108.Final/netty-codec-4.1.108.Final.jar:/Users/tupromax/.m2/repository/io/netty/netty-transport/4.1.108.Final/netty-transport-4.1.108.Final.jar:/Users/tupromax/.m2/repository/io/netty/netty-common/4.1.108.Final/netty-common-4.1.108.Final.jar:/Users/tupromax/.m2/repository/io/netty/netty-buffer/4.1.108.Final/netty-buffer-4.1.108.Final.jar:/Users/tupromax/.m2/repository/io/netty/netty-handler/4.1.108.Final/netty-handler-4.1.108.Final.jar:/Users/tupromax/.m2/repository/io/netty/netty-transport-native-unix-common/4.1.108.Final/netty-transport-native-unix-common-4.1.108.Final.jar:/Users/tupromax/.m2/repository/io/netty/netty-transport-classes-epoll/4.1.108.Final/netty-transport-classes-epoll-4.1.108.Final.jar:/Users/tupromax/.m2/repository/io/netty/netty-resolver/4.1.108.Final/netty-resolver-4.1.108.Final.jar:"/>
    <property name="sun.cpu.endian" value="little"/>
    <property name="user.home" value="/Users/tupromax"/>
    <property name="user.language" value="en"/>
    <property name="java.specification.vendor" value="Oracle Corporation"/>
    <property name="jdk.module.path" value="/Users/tupromax/Programming/Udacity/Java/UdaSecurity/starter/catpoint-parent/security/target/classes:/Users/tupromax/.m2/repository/com/google/code/gson/gson/2.10.1/gson-2.10.1.jar:/Users/tupromax/.m2/repository/com/google/guava/guava/33.0.0-jre/guava-33.0.0-jre.jar:/Users/tupromax/Programming/Udacity/Java/UdaSecurity/starter/catpoint-parent/image/target/classes:/Users/tupromax/.m2/repository/software/amazon/awssdk/auth/2.25.24/auth-2.25.24.jar:/Users/tupromax/.m2/repository/org/slf4j/slf4j-api/1.7.30/slf4j-api-1.7.30.jar:/Users/tupromax/.m2/repository/software/amazon/awssdk/sdk-core/2.25.24/sdk-core-2.25.24.jar:/Users/tupromax/.m2/repository/software/amazon/awssdk/regions/2.25.24/regions-2.25.24.jar:/Users/tupromax/.m2/repository/software/amazon/awssdk/rekognition/2.25.24/rekognition-2.25.24.jar"/>
    <property name="java.version.date" value="2024-01-16"/>
    <property name="java.home" value="/Users/tupromax/Library/Java/JavaVirtualMachines/corretto-17.0.10/Contents/Home"/>
    <property name="file.separator" value="/"/>
    <property name="basedir" value="/Users/tupromax/Programming/Udacity/Java/UdaSecurity/starter/catpoint-parent/security"/>
    <property name="java.vm.compressedOopsMode" value="Zero based"/>
    <property name="line.separator" value="&#10;"/>
    <property name="java.vm.specification.vendor" value="Oracle Corporation"/>
    <property name="java.specification.name" value="Java Platform API Specification"/>
    <property name="surefire.real.class.path" value="/Users/tupromax/.m2/repository/org/apache/maven/surefire/surefire-booter/3.0.0-M5/surefire-booter-3.0.0-M5.jar:/Users/tupromax/.m2/repository/org/apache/maven/surefire/surefire-api/3.0.0-M5/surefire-api-3.0.0-M5.jar:/Users/tupromax/.m2/repository/org/apache/maven/surefire/surefire-logger-api/3.0.0-M5/surefire-logger-api-3.0.0-M5.jar:/Users/tupromax/.m2/repository/org/apache/maven/surefire/surefire-shared-utils/3.0.0-M4/surefire-shared-utils-3.0.0-M4.jar:/Users/tupromax/.m2/repository/org/apache/maven/surefire/surefire-extensions-spi/3.0.0-M5/surefire-extensions-spi-3.0.0-M5.jar:/Users/tupromax/Programming/Udacity/Java/UdaSecurity/starter/catpoint-parent/security/target/test-classes:/Users/tupromax/.m2/repository/org/junit/jupiter/junit-jupiter-api/5.10.2/junit-jupiter-api-5.10.2.jar:/Users/tupromax/.m2/repository/org/opentest4j/opentest4j/1.3.0/opentest4j-1.3.0.jar:/Users/tupromax/.m2/repository/org/junit/platform/junit-platform-commons/1.10.2/junit-platform-commons-1.10.2.jar:/Users/tupromax/.m2/repository/org/apiguardian/apiguardian-api/1.1.2/apiguardian-api-1.1.2.jar:/Users/tupromax/.m2/repository/org/junit/jupiter/junit-jupiter-engine/5.10.2/junit-jupiter-engine-5.10.2.jar:/Users/tupromax/.m2/repository/org/junit/platform/junit-platform-engine/1.10.2/junit-platform-engine-1.10.2.jar:/Users/tupromax/.m2/repository/org/junit/jupiter/junit-jupiter-params/5.7.0/junit-jupiter-params-5.7.0.jar:/Users/tupromax/.m2/repository/org/mockito/mockito-junit-jupiter/4.5.1/mockito-junit-jupiter-4.5.1.jar:/Users/tupromax/.m2/repository/org/mockito/mockito-core/4.5.1/mockito-core-4.5.1.jar:/Users/tupromax/.m2/repository/net/bytebuddy/byte-buddy/1.12.9/byte-buddy-1.12.9.jar:/Users/tupromax/.m2/repository/net/bytebuddy/byte-buddy-agent/1.12.9/byte-buddy-agent-1.12.9.jar:/Users/tupromax/.m2/repository/org/objenesis/objenesis/3.2/objenesis-3.2.jar:/Users/tupromax/.m2/repository/com/google/guava/failureaccess/1.0.2/failureaccess-1.0.2.jar:/Users/tupromax/.m2/repository/com/google/guava/listenablefuture/9999.0-empty-to-avoid-conflict-with-guava/listenablefuture-9999.0-empty-to-avoid-conflict-with-guava.jar:/Users/tupromax/.m2/repository/com/google/code/findbugs/jsr305/3.0.2/jsr305-3.0.2.jar:/Users/tupromax/.m2/repository/org/checkerframework/checker-qual/3.41.0/checker-qual-3.41.0.jar:/Users/tupromax/.m2/repository/com/google/errorprone/error_prone_annotations/2.23.0/error_prone_annotations-2.23.0.jar:/Users/tupromax/.m2/repository/com/google/j2objc/j2objc-annotations/2.8/j2objc-annotations-2.8.jar:/Users/tupromax/.m2/repository/software/amazon/awssdk/annotations/2.25.24/annotations-2.25.24.jar:/Users/tupromax/.m2/repository/software/amazon/awssdk/utils/2.25.24/utils-2.25.24.jar:/Users/tupromax/.m2/repository/org/reactivestreams/reactive-streams/1.0.4/reactive-streams-1.0.4.jar:/Users/tupromax/.m2/repository/software/amazon/awssdk/checksums-spi/2.25.24/checksums-spi-2.25.24.jar:/Users/tupromax/.m2/repository/software/amazon/awssdk/checksums/2.25.24/checksums-2.25.24.jar:/Users/tupromax/.m2/repository/software/amazon/awssdk/identity-spi/2.25.24/identity-spi-2.25.24.jar:/Users/tupromax/.m2/repository/software/amazon/awssdk/profiles/2.25.24/profiles-2.25.24.jar:/Users/tupromax/.m2/repository/software/amazon/awssdk/http-client-spi/2.25.24/http-client-spi-2.25.24.jar:/Users/tupromax/.m2/repository/software/amazon/awssdk/json-utils/2.25.24/json-utils-2.25.24.jar:/Users/tupromax/.m2/repository/software/amazon/awssdk/third-party-jackson-core/2.25.24/third-party-jackson-core-2.25.24.jar:/Users/tupromax/.m2/repository/software/amazon/awssdk/http-auth-aws/2.25.24/http-auth-aws-2.25.24.jar:/Users/tupromax/.m2/repository/software/amazon/awssdk/http-auth/2.25.24/http-auth-2.25.24.jar:/Users/tupromax/.m2/repository/software/amazon/awssdk/http-auth-spi/2.25.24/http-auth-spi-2.25.24.jar:/Users/tupromax/.m2/repository/software/amazon/eventstream/eventstream/1.0.1/eventstream-1.0.1.jar:/Users/tupromax/.m2/repository/software/amazon/awssdk/aws-json-protocol/2.25.24/aws-json-protocol-2.25.24.jar:/Users/tupromax/.m2/repository/software/amazon/awssdk/protocol-core/2.25.24/protocol-core-2.25.24.jar:/Users/tupromax/.m2/repository/software/amazon/awssdk/aws-core/2.25.24/aws-core-2.25.24.jar:/Users/tupromax/.m2/repository/software/amazon/awssdk/metrics-spi/2.25.24/metrics-spi-2.25.24.jar:/Users/tupromax/.m2/repository/software/amazon/awssdk/endpoints-spi/2.25.24/endpoints-spi-2.25.24.jar:/Users/tupromax/.m2/repository/software/amazon/awssdk/apache-client/2.25.24/apache-client-2.25.24.jar:/Users/tupromax/.m2/repository/org/apache/httpcomponents/httpclient/4.5.13/httpclient-4.5.13.jar:/Users/tupromax/.m2/repository/commons-logging/commons-logging/1.2/commons-logging-1.2.jar:/Users/tupromax/.m2/repository/org/apache/httpcomponents/httpcore/4.4.13/httpcore-4.4.13.jar:/Users/tupromax/.m2/repository/commons-codec/commons-codec/1.15/commons-codec-1.15.jar:/Users/tupromax/.m2/repository/software/amazon/awssdk/netty-nio-client/2.25.24/netty-nio-client-2.25.24.jar:/Users/tupromax/.m2/repository/io/netty/netty-codec-http/4.1.108.Final/netty-codec-http-4.1.108.Final.jar:/Users/tupromax/.m2/repository/io/netty/netty-codec-http2/4.1.108.Final/netty-codec-http2-4.1.108.Final.jar:/Users/tupromax/.m2/repository/io/netty/netty-codec/4.1.108.Final/netty-codec-4.1.108.Final.jar:/Users/tupromax/.m2/repository/io/netty/netty-transport/4.1.108.Final/netty-transport-4.1.108.Final.jar:/Users/tupromax/.m2/repository/io/netty/netty-common/4.1.108.Final/netty-common-4.1.108.Final.jar:/Users/tupromax/.m2/repository/io/netty/netty-buffer/4.1.108.Final/netty-buffer-4.1.108.Final.jar:/Users/tupromax/.m2/repository/io/netty/netty-handler/4.1.108.Final/netty-handler-4.1.108.Final.jar:/Users/tupromax/.m2/repository/io/netty/netty-transport-native-unix-common/4.1.108.Final/netty-transport-native-unix-common-4.1.108.Final.jar:/Users/tupromax/.m2/repository/io/netty/netty-transport-classes-epoll/4.1.108.Final/netty-transport-classes-epoll-4.1.108.Final.jar:/Users/tupromax/.m2/repository/io/netty/netty-resolver/4.1.108.Final/netty-resolver-4.1.108.Final.jar:/Users/tupromax/.m2/repository/org/apache/maven/surefire/surefire-junit-platform/3.0.0-M5/surefire-junit-platform-3.0.0-M5.jar:/Users/tupromax/.m2/repository/org/apache/maven/surefire/common-java5/3.0.0-M5/common-java5-3.0.0-M5.jar:/Users/tupromax/.m2/repository/org/junit/platform/junit-platform-launcher/1.10.2/junit-platform-launcher-1.10.2.jar"/>
    <property name="sun.management.compiler" value="HotSpot 64-Bit Tiered Compilers"/>
    <property name="ftp.nonProxyHosts" value="local|*.local|169.254/16|*.169.254/16"/>
    <property name="java.runtime.version" value="17.0.10+7-LTS"/>
    <property name="user.name" value="tupromax"/>
    <property name="path.separator" value=":"/>
    <property name="os.version" value="14.3"/>
    <property name="java.runtime.name" value="OpenJDK Runtime Environment"/>
    <property name="file.encoding" value="UTF-8"/>
    <property name="java.vm.name" value="OpenJDK 64-Bit Server VM"/>
    <property name="java.vendor.version" value="Corretto-17.0.10.7.1"/>
    <property name="localRepository" value="/Users/tupromax/.m2/repository"/>
    <property name="java.vendor.url.bug" value="https://github.com/corretto/corretto-17/issues/"/>
    <property name="java.io.tmpdir" value="/var/folders/56/gg1nx6rn51dcgksb3w1myfph0000gn/T/"/>
    <property name="java.version" value="17.0.10"/>
    <property name="user.dir" value="/Users/tupromax/Programming/Udacity/Java/UdaSecurity/starter/catpoint-parent/security"/>
    <property name="os.arch" value="x86_64"/>
    <property name="java.vm.specification.name" value="Java Virtual Machine Specification"/>
    <property name="native.encoding" value="UTF-8"/>
    <property name="java.library.path" value="/Users/tupromax/Library/Java/Extensions:/Library/Java/Extensions:/Network/Library/Java/Extensions:/System/Library/Java/Extensions:/usr/lib/java:."/>
    <property name="java.vm.info" value="mixed mode"/>
    <property name="java.vendor" value="Amazon.com Inc."/>
    <property name="java.vm.version" value="17.0.10+7-LTS"/>
    <property name="sun.io.unicode.encoding" value="UnicodeBig"/>
    <property name="socksNonProxyHosts" value="local|*.local|169.254/16|*.169.254/16"/>
    <property name="java.class.version" value="61.0"/>
  </properties>
  <testcase name="changeAlarmState_alarmActiveAndSensorStateChanges_stateNotAffected(boolean)[1]" classname="com.udacity.catpoint.security.service.SecurityServiceTest" time="0.571"/>
  <testcase name="changeAlarmState_alarmActiveAndSensorStateChanges_stateNotAffected(boolean)[2]" classname="com.udacity.catpoint.security.service.SecurityServiceTest" time="0.006"/>
  <testcase name="changeAlarmState_sensorDeactivateWhileInactive_noChangeToAlarmState(AlarmStatus)[1]" classname="com.udacity.catpoint.security.service.SecurityServiceTest" time="0.003"/>
  <testcase name="changeAlarmState_sensorDeactivateWhileInactive_noChangeToAlarmState(AlarmStatus)[2]" classname="com.udacity.catpoint.security.service.SecurityServiceTest" time="0.002"/>
  <testcase name="changeAlarmState_sensorDeactivateWhileInactive_noChangeToAlarmState(AlarmStatus)[3]" classname="com.udacity.catpoint.security.service.SecurityServiceTest" time="0.002"/>
  <testcase name="updateSensors_systemArmed_deactivateAllSensors(ArmingStatus)[1]" classname="com.udacity.catpoint.security.service.SecurityServiceTest" time="0.016"/>
  <testcase name="updateSensors_systemArmed_deactivateAllSensors(ArmingStatus)[2]" classname="com.udacity.catpoint.security.service.SecurityServiceTest" time="0.005"/>
  <testcase name="changeAlarmStatus_alarmArmedAndSensorActivated_alarmStatusPending(ArmingStatus)[1]" classname="com.udacity.catpoint.security.service.SecurityServiceTest" time="0.002"/>
  <testcase name="changeAlarmStatus_alarmArmedAndSensorActivated_alarmStatusPending(ArmingStatus)[2]" classname="com.udacity.catpoint.security.service.SecurityServiceTest" time="0.003"/>
  <testcase name="changeAlarmState_sensorActivatedWhileAlreadyActiveAndAlarmPending_changeToAlarmState" classname="com.udacity.catpoint.security.service.SecurityServiceTest" time="0.002"/>
  <testcase name="changeAlarmStatus_alarmAlreadyAlarmAndSystemDisarmed_alarmStatusPending" classname="com.udacity.catpoint.security.service.SecurityServiceTest" time="0.001"/>
  <testcase name="changeAlarmStatus_systemArmedHomeAndCatDetected_changeToAlarmStatus" classname="com.udacity.catpoint.security.service.SecurityServiceTest" time="0.229"/>
  <testcase name="changeAlarmStatus_alarmPendingAndAllSensorInactive_changeToNoAlarm" classname="com.udacity.catpoint.security.service.SecurityServiceTest" time="0.003"/>
  <testcase name="changeAlarmState_imageContainingCatDetectedAndSystemArmed_changeToAlarmStatus" classname="com.udacity.catpoint.security.service.SecurityServiceTest" time="0.002"/>
  <testcase name="changeAlarmStatus_systemDisArmed_changeToAlarmStatus" classname="com.udacity.catpoint.security.service.SecurityServiceTest" time="0.001"/>
  <testcase name="changeAlarmState_noCatImageIdentifiedAndSensorsAreInactive_changeToAlarmStatus" classname="com.udacity.catpoint.security.service.SecurityServiceTest" time="0.003"/>
  <testcase name="changeAlarmStatus_alarmAlreadyPendingAndSensorActive_alarmStatusAlarm(ArmingStatus)[1]" classname="com.udacity.catpoint.security.service.SecurityServiceTest" time="0.002"/>
  <testcase name="changeAlarmStatus_alarmAlreadyPendingAndSensorActive_alarmStatusAlarm(ArmingStatus)[2]" classname="com.udacity.catpoint.security.service.SecurityServiceTest" time="0.002"/>
</testsuite>